{"C:\\Users\\Dell\\OneDrive\\Área de Trabalho\\h_dev\\react-native\\SujeitoProgramador\\Avancado\\Testes-Automatizado\\App.tsx": {"path":"C:\\Users\\Dell\\OneDrive\\Área de Trabalho\\h_dev\\react-native\\SujeitoProgramador\\Avancado\\Testes-Automatizado\\App.tsx","statementMap":{"0":{"start":{"line":8,"column":31},"end":{"line":8,"column":42}},"1":{"start":{"line":10,"column":1},"end":{"line":39,"column":3}},"2":{"start":{"line":18,"column":20},"end":{"line":18,"column":43}},"3":{"start":{"line":29,"column":20},"end":{"line":29,"column":43}},"4":{"start":{"line":42,"column":15},"end":{"line":70,"column":2}}},"fnMap":{"0":{"name":"App","decl":{"start":{"line":7,"column":24},"end":{"line":7,"column":27}},"loc":{"start":{"line":7,"column":30},"end":{"line":40,"column":1}},"line":7},"1":{"name":"(anonymous_1)","decl":{"start":{"line":18,"column":14},"end":{"line":18,"column":15}},"loc":{"start":{"line":18,"column":20},"end":{"line":18,"column":43}},"line":18},"2":{"name":"(anonymous_2)","decl":{"start":{"line":29,"column":14},"end":{"line":29,"column":15}},"loc":{"start":{"line":29,"column":20},"end":{"line":29,"column":43}},"line":29}},"branchMap":{},"s":{"0":6,"1":6,"2":1,"3":2,"4":1},"f":{"0":6,"1":1,"2":2},"b":{},"_coverageSchema":"1a1c01bbd47fc00a2c39e90264f33305004495a9","hash":"39549b818cc17f5913084ae00ce4026277f3d58a"}
,"C:\\Users\\Dell\\OneDrive\\Área de Trabalho\\h_dev\\react-native\\SujeitoProgramador\\Avancado\\Testes-Automatizado\\src\\Message.tsx": {"path":"C:\\Users\\Dell\\OneDrive\\Área de Trabalho\\h_dev\\react-native\\SujeitoProgramador\\Avancado\\Testes-Automatizado\\src\\Message.tsx","statementMap":{"0":{"start":{"line":5,"column":39},"end":{"line":5,"column":54}},"1":{"start":{"line":8,"column":2},"end":{"line":10,"column":11}},"2":{"start":{"line":9,"column":3},"end":{"line":9,"column":32}},"3":{"start":{"line":13,"column":1},"end":{"line":21,"column":3}}},"fnMap":{"0":{"name":"Message","decl":{"start":{"line":4,"column":24},"end":{"line":4,"column":31}},"loc":{"start":{"line":4,"column":34},"end":{"line":22,"column":1}},"line":4},"1":{"name":"handleShowMessage","decl":{"start":{"line":7,"column":10},"end":{"line":7,"column":27}},"loc":{"start":{"line":7,"column":30},"end":{"line":11,"column":2}},"line":7},"2":{"name":"(anonymous_2)","decl":{"start":{"line":8,"column":13},"end":{"line":8,"column":14}},"loc":{"start":{"line":8,"column":19},"end":{"line":10,"column":3}},"line":8}},"branchMap":{"0":{"loc":{"start":{"line":16,"column":5},"end":{"line":16,"column":54}},"type":"cond-expr","locations":[{"start":{"line":16,"column":19},"end":{"line":16,"column":36}},{"start":{"line":16,"column":39},"end":{"line":16,"column":54}}],"line":16}},"s":{"0":9,"1":1,"2":1,"3":9},"f":{"0":9,"1":1,"2":1},"b":{"0":[1,8]},"_coverageSchema":"1a1c01bbd47fc00a2c39e90264f33305004495a9","hash":"deab85b03915333e32bf300df89c53c4a9f93d70"}
,"C:\\Users\\Dell\\OneDrive\\Área de Trabalho\\h_dev\\react-native\\SujeitoProgramador\\Avancado\\Testes-Automatizado\\src\\Title.tsx": {"path":"C:\\Users\\Dell\\OneDrive\\Área de Trabalho\\h_dev\\react-native\\SujeitoProgramador\\Avancado\\Testes-Automatizado\\src\\Title.tsx","statementMap":{"0":{"start":{"line":4,"column":1},"end":{"line":4,"column":49}},"1":{"start":{"line":7,"column":15},"end":{"line":13,"column":2}}},"fnMap":{"0":{"name":"Title","decl":{"start":{"line":3,"column":24},"end":{"line":3,"column":29}},"loc":{"start":{"line":3,"column":60},"end":{"line":5,"column":1}},"line":3}},"branchMap":{},"s":{"0":8,"1":2},"f":{"0":8},"b":{},"_coverageSchema":"1a1c01bbd47fc00a2c39e90264f33305004495a9","hash":"b8baa7c2c97feb5f7c94aca3cf5bc54e067413ae"}
}
