TN:
SF:App.tsx
FN:7,App
FN:18,(anonymous_1)
FN:29,(anonymous_2)
FN:35,(anonymous_3)
FNF:4
FNH:4
FNDA:7,App
FNDA:1,(anonymous_1)
FNDA:2,(anonymous_2)
FNDA:1,(anonymous_3)
DA:8,7
DA:10,7
DA:18,1
DA:29,2
DA:35,1
DA:42,1
LF:6
LH:6
BRF:0
BRH:0
end_of_record
TN:
SF:src\Form.tsx
FN:4,Form
FN:9,handleLogin
FN:21,(anonymous_2)
FN:28,(anonymous_3)
FN:34,(anonymous_4)
FNF:5
FNH:5
FNDA:7,Form
FNDA:2,handleLogin
FNDA:2,(anonymous_2)
FNDA:2,(anonymous_3)
FNDA:2,(anonymous_4)
DA:5,7
DA:6,7
DA:7,7
DA:10,2
DA:11,1
DA:15,7
DA:21,2
DA:28,2
DA:34,2
DA:42,1
LF:10
LH:10
BRDA:10,0,0,1
BRDA:10,0,1,1
BRDA:10,1,0,2
BRDA:10,1,1,1
BRDA:37,2,0,7
BRDA:37,2,1,1
BRF:6
BRH:6
end_of_record
TN:
SF:src\Game.tsx
FN:10,Game
FN:14,(anonymous_1)
FN:15,fetchGame
FN:31,handleFetchGame
FNF:4
FNH:4
FNDA:8,Game
FNDA:4,(anonymous_1)
FNDA:4,fetchGame
FNDA:2,handleFetchGame
DA:11,8
DA:12,8
DA:14,8
DA:16,4
DA:17,4
DA:19,1
DA:24,3
DA:28,4
DA:32,2
DA:33,2
DA:34,1
DA:39,1
DA:43,8
DA:63,1
LF:14
LH:14
BRDA:45,0,0,8
BRDA:45,0,1,2
BRDA:58,1,0,8
BRDA:58,1,1,3
BRF:4
BRH:4
end_of_record
TN:
SF:src\Message.tsx
FN:4,Message
FN:7,handleShowMessage
FN:8,(anonymous_2)
FNF:3
FNH:3
FNDA:3,Message
FNDA:1,handleShowMessage
FNDA:1,(anonymous_2)
DA:5,3
DA:8,1
DA:9,1
DA:13,3
LF:4
LH:4
BRDA:16,0,0,1
BRDA:16,0,1,2
BRF:2
BRH:2
end_of_record
TN:
SF:src\Title.tsx
FN:3,Title
FNF:1
FNH:1
FNDA:9,Title
DA:4,9
DA:7,2
LF:2
LH:2
BRF:0
BRH:0
end_of_record
TN:
SF:src\Welcome.tsx
FN:4,Welcome
FN:12,handleShowUser
FNF:2
FNH:2
FNDA:13,Welcome
FNDA:3,handleShowUser
DA:9,13
DA:10,13
DA:13,3
DA:14,1
DA:15,1
DA:18,2
DA:19,2
DA:20,2
DA:23,13
DA:39,2
LF:10
LH:10
BRDA:13,0,0,1
BRDA:13,0,1,2
BRDA:34,1,0,13
BRDA:34,1,1,2
BRF:4
BRH:4
end_of_record
TN:
SF:src\services\api.ts
FNF:0
FNH:0
DA:3,1
LF:1
LH:1
BRF:0
BRH:0
end_of_record
