TN:
SF:App.tsx
FN:8,App
FN:19,(anonymous_1)
FN:30,(anonymous_2)
FNF:3
FNH:3
FNDA:6,App
FNDA:1,(anonymous_1)
FNDA:2,(anonymous_2)
DA:9,6
DA:11,6
DA:19,1
DA:30,2
DA:45,1
LF:5
LH:5
BRF:0
BRH:0
end_of_record
TN:
SF:src\Form.tsx
FN:4,Form
FN:9,handleLogin
FN:21,(anonymous_2)
FN:28,(anonymous_3)
FN:34,(anonymous_4)
FNF:5
FNH:5
FNDA:7,Form
FNDA:2,handleLogin
FNDA:2,(anonymous_2)
FNDA:2,(anonymous_3)
FNDA:2,(anonymous_4)
DA:5,7
DA:6,7
DA:7,7
DA:10,2
DA:11,1
DA:15,7
DA:21,2
DA:28,2
DA:34,2
DA:42,1
LF:10
LH:10
BRDA:10,0,0,1
BRDA:10,0,1,1
BRDA:10,1,0,2
BRDA:10,1,1,1
BRDA:37,2,0,7
BRDA:37,2,1,1
BRF:6
BRH:6
end_of_record
TN:
SF:src\Game.tsx
FN:10,Game
FN:14,(anonymous_1)
FN:15,fetchGame
FN:31,handleFetchGame
FNF:4
FNH:4
FNDA:14,Game
FNDA:7,(anonymous_1)
FNDA:7,fetchGame
FNDA:2,handleFetchGame
DA:11,14
DA:12,14
DA:14,14
DA:16,7
DA:17,7
DA:19,1
DA:24,3
DA:28,7
DA:32,2
DA:33,2
DA:34,1
DA:39,1
DA:43,14
DA:63,2
LF:14
LH:14
BRDA:45,0,0,14
BRDA:45,0,1,2
BRDA:58,1,0,14
BRDA:58,1,1,3
BRF:4
BRH:4
end_of_record
TN:
SF:src\Message.tsx
FN:4,Message
FN:7,handleShowMessage
FN:8,(anonymous_2)
FNF:3
FNH:3
FNDA:9,Message
FNDA:1,handleShowMessage
FNDA:1,(anonymous_2)
DA:5,9
DA:8,1
DA:9,1
DA:13,9
LF:4
LH:4
BRDA:16,0,0,1
BRDA:16,0,1,8
BRF:2
BRH:2
end_of_record
TN:
SF:src\Title.tsx
FN:3,Title
FNF:1
FNH:1
FNDA:8,Title
DA:4,8
DA:7,2
LF:2
LH:2
BRF:0
BRH:0
end_of_record
TN:
SF:src\services\api.ts
FNF:0
FNH:0
DA:3,2
LF:1
LH:1
BRF:0
BRH:0
end_of_record
