{"C:\\Users\\Dell\\OneDrive\\Área de Trabalho\\h_dev\\react-native\\SujeitoProgramador\\Avancado\\Testes-Automatizados\\testesNavegacao\\App.tsx": {"path":"C:\\Users\\Dell\\OneDrive\\Área de Trabalho\\h_dev\\react-native\\SujeitoProgramador\\Avancado\\Testes-Automatizados\\testesNavegacao\\App.tsx","statementMap":{"0":{"start":{"line":11,"column":14},"end":{"line":11,"column":59}},"1":{"start":{"line":21,"column":1},"end":{"line":30,"column":3}}},"fnMap":{"0":{"name":"App","decl":{"start":{"line":20,"column":24},"end":{"line":20,"column":27}},"loc":{"start":{"line":20,"column":30},"end":{"line":31,"column":1}},"line":20}},"branchMap":{},"s":{"0":1,"1":1},"f":{"0":1},"b":{},"_coverageSchema":"1a1c01bbd47fc00a2c39e90264f33305004495a9","hash":"60863fe8f451d171e654e91f90aee6e5678085b0"}
,"C:\\Users\\Dell\\OneDrive\\Área de Trabalho\\h_dev\\react-native\\SujeitoProgramador\\Avancado\\Testes-Automatizados\\testesNavegacao\\src\\Contato\\index.tsx": {"path":"C:\\Users\\Dell\\OneDrive\\Área de Trabalho\\h_dev\\react-native\\SujeitoProgramador\\Avancado\\Testes-Automatizados\\testesNavegacao\\src\\Contato\\index.tsx","statementMap":{"0":{"start":{"line":13,"column":15},"end":{"line":13,"column":45}},"1":{"start":{"line":14,"column":1},"end":{"line":19,"column":3}},"2":{"start":{"line":22,"column":15},"end":{"line":28,"column":2}}},"fnMap":{"0":{"name":"Contato","decl":{"start":{"line":12,"column":24},"end":{"line":12,"column":31}},"loc":{"start":{"line":12,"column":34},"end":{"line":20,"column":1}},"line":12}},"branchMap":{},"s":{"0":1,"1":1,"2":2},"f":{"0":1},"b":{},"_coverageSchema":"1a1c01bbd47fc00a2c39e90264f33305004495a9","hash":"89b650f3c305a41b135dce5199ce35b898c14286"}
,"C:\\Users\\Dell\\OneDrive\\Área de Trabalho\\h_dev\\react-native\\SujeitoProgramador\\Avancado\\Testes-Automatizados\\testesNavegacao\\src\\Home\\index.tsx": {"path":"C:\\Users\\Dell\\OneDrive\\Área de Trabalho\\h_dev\\react-native\\SujeitoProgramador\\Avancado\\Testes-Automatizados\\testesNavegacao\\src\\Home\\index.tsx","statementMap":{"0":{"start":{"line":8,"column":2},"end":{"line":8,"column":61}},"1":{"start":{"line":10,"column":1},"end":{"line":28,"column":3}},"2":{"start":{"line":15,"column":19},"end":{"line":15,"column":49}},"3":{"start":{"line":19,"column":19},"end":{"line":19,"column":65}},"4":{"start":{"line":24,"column":5},"end":{"line":24,"column":61}},"5":{"start":{"line":31,"column":15},"end":{"line":37,"column":2}}},"fnMap":{"0":{"name":"Home","decl":{"start":{"line":6,"column":24},"end":{"line":6,"column":28}},"loc":{"start":{"line":6,"column":31},"end":{"line":29,"column":1}},"line":6},"1":{"name":"(anonymous_1)","decl":{"start":{"line":15,"column":13},"end":{"line":15,"column":14}},"loc":{"start":{"line":15,"column":19},"end":{"line":15,"column":49}},"line":15},"2":{"name":"(anonymous_2)","decl":{"start":{"line":19,"column":13},"end":{"line":19,"column":14}},"loc":{"start":{"line":19,"column":19},"end":{"line":19,"column":65}},"line":19},"3":{"name":"(anonymous_3)","decl":{"start":{"line":23,"column":13},"end":{"line":23,"column":14}},"loc":{"start":{"line":24,"column":5},"end":{"line":24,"column":61}},"line":24}},"branchMap":{},"s":{"0":4,"1":4,"2":1,"3":1,"4":1,"5":2},"f":{"0":4,"1":1,"2":1,"3":1},"b":{},"_coverageSchema":"1a1c01bbd47fc00a2c39e90264f33305004495a9","hash":"4c4f6ba589be5c9495b1af7fa7a7f1982f7a9929"}
,"C:\\Users\\Dell\\OneDrive\\Área de Trabalho\\h_dev\\react-native\\SujeitoProgramador\\Avancado\\Testes-Automatizados\\testesNavegacao\\src\\Profile\\index.tsx": {"path":"C:\\Users\\Dell\\OneDrive\\Área de Trabalho\\h_dev\\react-native\\SujeitoProgramador\\Avancado\\Testes-Automatizados\\testesNavegacao\\src\\Profile\\index.tsx","statementMap":{"0":{"start":{"line":8,"column":2},"end":{"line":8,"column":61}},"1":{"start":{"line":10,"column":1},"end":{"line":15,"column":3}},"2":{"start":{"line":13,"column":41},"end":{"line":13,"column":60}},"3":{"start":{"line":18,"column":15},"end":{"line":24,"column":2}}},"fnMap":{"0":{"name":"Profile","decl":{"start":{"line":6,"column":24},"end":{"line":6,"column":31}},"loc":{"start":{"line":6,"column":34},"end":{"line":16,"column":1}},"line":6},"1":{"name":"(anonymous_1)","decl":{"start":{"line":13,"column":35},"end":{"line":13,"column":36}},"loc":{"start":{"line":13,"column":41},"end":{"line":13,"column":60}},"line":13}},"branchMap":{},"s":{"0":2,"1":2,"2":1,"3":2},"f":{"0":2,"1":1},"b":{},"_coverageSchema":"1a1c01bbd47fc00a2c39e90264f33305004495a9","hash":"b77ff417ce7a481d1eb6c0f3d779f25487655ced"}
,"C:\\Users\\Dell\\OneDrive\\Área de Trabalho\\h_dev\\react-native\\SujeitoProgramador\\Avancado\\Testes-Automatizados\\testesNavegacao\\src\\User\\index.tsx": {"path":"C:\\Users\\Dell\\OneDrive\\Área de Trabalho\\h_dev\\react-native\\SujeitoProgramador\\Avancado\\Testes-Automatizados\\testesNavegacao\\src\\User\\index.tsx","statementMap":{"0":{"start":{"line":13,"column":15},"end":{"line":13,"column":42}},"1":{"start":{"line":14,"column":1},"end":{"line":19,"column":3}},"2":{"start":{"line":22,"column":15},"end":{"line":28,"column":2}}},"fnMap":{"0":{"name":"User","decl":{"start":{"line":12,"column":24},"end":{"line":12,"column":28}},"loc":{"start":{"line":12,"column":31},"end":{"line":20,"column":1}},"line":12}},"branchMap":{},"s":{"0":1,"1":1,"2":2},"f":{"0":1},"b":{},"_coverageSchema":"1a1c01bbd47fc00a2c39e90264f33305004495a9","hash":"4d6e612f2e62236ed62e6fc9f55fb4c021628779"}
}
