TN:
SF:App.tsx
FN:20,App
FNF:1
FNH:1
FNDA:1,App
DA:11,1
DA:21,1
LF:2
LH:2
BRF:0
BRH:0
end_of_record
TN:
SF:src\Contato\index.tsx
FN:12,Contato
FNF:1
FNH:1
FNDA:1,Contato
DA:13,1
DA:14,1
DA:22,2
LF:3
LH:3
BRF:0
BRH:0
end_of_record
TN:
SF:src\Home\index.tsx
FN:6,Home
FN:15,(anonymous_1)
FN:19,(anonymous_2)
FN:23,(anonymous_3)
FNF:4
FNH:4
FNDA:4,Home
FNDA:1,(anonymous_1)
FNDA:1,(anonymous_2)
FNDA:1,(anonymous_3)
DA:8,4
DA:10,4
DA:15,1
DA:19,1
DA:24,1
DA:31,2
LF:6
LH:6
BRF:0
BRH:0
end_of_record
TN:
SF:src\Profile\index.tsx
FN:6,Profile
FN:13,(anonymous_1)
FNF:2
FNH:2
FNDA:2,Profile
FNDA:1,(anonymous_1)
DA:8,2
DA:10,2
DA:13,1
DA:18,2
LF:4
LH:4
BRF:0
BRH:0
end_of_record
TN:
SF:src\User\index.tsx
FN:12,User
FNF:1
FNH:1
FNDA:1,User
DA:13,1
DA:14,1
DA:22,2
LF:3
LH:3
BRF:0
BRH:0
end_of_record
