{"C:\\Users\\Dell\\OneDrive\\Área de Trabalho\\h_dev\\react-native\\SujeitoProgramador\\Avancado\\Testes-Automatizado\\App.tsx": {"path":"C:\\Users\\Dell\\OneDrive\\Área de Trabalho\\h_dev\\react-native\\SujeitoProgramador\\Avancado\\Testes-Automatizado\\App.tsx","statementMap":{"0":{"start":{"line":8,"column":31},"end":{"line":8,"column":42}},"1":{"start":{"line":10,"column":1},"end":{"line":39,"column":3}},"2":{"start":{"line":18,"column":20},"end":{"line":18,"column":43}},"3":{"start":{"line":29,"column":20},"end":{"line":29,"column":43}},"4":{"start":{"line":35,"column":33},"end":{"line":35,"column":54}},"5":{"start":{"line":42,"column":15},"end":{"line":70,"column":2}}},"fnMap":{"0":{"name":"App","decl":{"start":{"line":7,"column":24},"end":{"line":7,"column":27}},"loc":{"start":{"line":7,"column":30},"end":{"line":40,"column":1}},"line":7},"1":{"name":"(anonymous_1)","decl":{"start":{"line":18,"column":14},"end":{"line":18,"column":15}},"loc":{"start":{"line":18,"column":20},"end":{"line":18,"column":43}},"line":18},"2":{"name":"(anonymous_2)","decl":{"start":{"line":29,"column":14},"end":{"line":29,"column":15}},"loc":{"start":{"line":29,"column":20},"end":{"line":29,"column":43}},"line":29},"3":{"name":"(anonymous_3)","decl":{"start":{"line":35,"column":27},"end":{"line":35,"column":28}},"loc":{"start":{"line":35,"column":33},"end":{"line":35,"column":54}},"line":35}},"branchMap":{},"s":{"0":7,"1":7,"2":1,"3":2,"4":1,"5":1},"f":{"0":7,"1":1,"2":2,"3":1},"b":{},"_coverageSchema":"1a1c01bbd47fc00a2c39e90264f33305004495a9","hash":"0cdfd3f5f0db06ea7c5b435d8bccef4e716f80f0"}
,"C:\\Users\\Dell\\OneDrive\\Área de Trabalho\\h_dev\\react-native\\SujeitoProgramador\\Avancado\\Testes-Automatizado\\src\\Form.tsx": {"path":"C:\\Users\\Dell\\OneDrive\\Área de Trabalho\\h_dev\\react-native\\SujeitoProgramador\\Avancado\\Testes-Automatizado\\src\\Form.tsx","statementMap":{"0":{"start":{"line":5,"column":27},"end":{"line":5,"column":39}},"1":{"start":{"line":6,"column":33},"end":{"line":6,"column":45}},"2":{"start":{"line":7,"column":25},"end":{"line":7,"column":37}},"3":{"start":{"line":10,"column":2},"end":{"line":12,"column":3}},"4":{"start":{"line":11,"column":3},"end":{"line":11,"column":31}},"5":{"start":{"line":15,"column":1},"end":{"line":39,"column":3}},"6":{"start":{"line":21,"column":28},"end":{"line":21,"column":42}},"7":{"start":{"line":28,"column":28},"end":{"line":28,"column":45}},"8":{"start":{"line":34,"column":19},"end":{"line":34,"column":47}},"9":{"start":{"line":42,"column":15},"end":{"line":52,"column":2}}},"fnMap":{"0":{"name":"Form","decl":{"start":{"line":4,"column":24},"end":{"line":4,"column":28}},"loc":{"start":{"line":4,"column":31},"end":{"line":40,"column":1}},"line":4},"1":{"name":"handleLogin","decl":{"start":{"line":9,"column":10},"end":{"line":9,"column":21}},"loc":{"start":{"line":9,"column":61},"end":{"line":13,"column":2}},"line":9},"2":{"name":"(anonymous_2)","decl":{"start":{"line":21,"column":18},"end":{"line":21,"column":19}},"loc":{"start":{"line":21,"column":28},"end":{"line":21,"column":42}},"line":21},"3":{"name":"(anonymous_3)","decl":{"start":{"line":28,"column":18},"end":{"line":28,"column":19}},"loc":{"start":{"line":28,"column":28},"end":{"line":28,"column":45}},"line":28},"4":{"name":"(anonymous_4)","decl":{"start":{"line":34,"column":13},"end":{"line":34,"column":14}},"loc":{"start":{"line":34,"column":19},"end":{"line":34,"column":47}},"line":34}},"branchMap":{"0":{"loc":{"start":{"line":10,"column":2},"end":{"line":12,"column":3}},"type":"if","locations":[{"start":{"line":10,"column":2},"end":{"line":12,"column":3}},{"start":{},"end":{}}],"line":10},"1":{"loc":{"start":{"line":10,"column":6},"end":{"line":10,"column":50}},"type":"binary-expr","locations":[{"start":{"line":10,"column":6},"end":{"line":10,"column":25}},{"start":{"line":10,"column":29},"end":{"line":10,"column":50}}],"line":10},"2":{"loc":{"start":{"line":37,"column":4},"end":{"line":37,"column":38}},"type":"binary-expr","locations":[{"start":{"line":37,"column":4},"end":{"line":37,"column":15}},{"start":{"line":37,"column":19},"end":{"line":37,"column":38}}],"line":37}},"s":{"0":7,"1":7,"2":7,"3":2,"4":1,"5":7,"6":2,"7":2,"8":2,"9":1},"f":{"0":7,"1":2,"2":2,"3":2,"4":2},"b":{"0":[1,1],"1":[2,1],"2":[7,1]},"_coverageSchema":"1a1c01bbd47fc00a2c39e90264f33305004495a9","hash":"f1d7fb7a0ec1576368e0be814441169626b5047a"}
,"C:\\Users\\Dell\\OneDrive\\Área de Trabalho\\h_dev\\react-native\\SujeitoProgramador\\Avancado\\Testes-Automatizado\\src\\Game.tsx": {"path":"C:\\Users\\Dell\\OneDrive\\Área de Trabalho\\h_dev\\react-native\\SujeitoProgramador\\Avancado\\Testes-Automatizado\\src\\Game.tsx","statementMap":{"0":{"start":{"line":11,"column":25},"end":{"line":11,"column":57}},"1":{"start":{"line":12,"column":33},"end":{"line":12,"column":45}},"2":{"start":{"line":14,"column":1},"end":{"line":29,"column":8}},"3":{"start":{"line":16,"column":3},"end":{"line":25,"column":4}},"4":{"start":{"line":17,"column":21},"end":{"line":17,"column":63}},"5":{"start":{"line":19,"column":4},"end":{"line":22,"column":7}},"6":{"start":{"line":24,"column":4},"end":{"line":24,"column":40}},"7":{"start":{"line":28,"column":2},"end":{"line":28,"column":14}},"8":{"start":{"line":32,"column":2},"end":{"line":40,"column":3}},"9":{"start":{"line":33,"column":20},"end":{"line":33,"column":61}},"10":{"start":{"line":34,"column":3},"end":{"line":37,"column":6}},"11":{"start":{"line":39,"column":3},"end":{"line":39,"column":39}},"12":{"start":{"line":43,"column":1},"end":{"line":60,"column":3}},"13":{"start":{"line":63,"column":15},"end":{"line":69,"column":2}}},"fnMap":{"0":{"name":"Game","decl":{"start":{"line":10,"column":24},"end":{"line":10,"column":28}},"loc":{"start":{"line":10,"column":31},"end":{"line":61,"column":1}},"line":10},"1":{"name":"(anonymous_1)","decl":{"start":{"line":14,"column":11},"end":{"line":14,"column":12}},"loc":{"start":{"line":14,"column":17},"end":{"line":29,"column":2}},"line":14},"2":{"name":"fetchGame","decl":{"start":{"line":15,"column":17},"end":{"line":15,"column":26}},"loc":{"start":{"line":15,"column":29},"end":{"line":26,"column":3}},"line":15},"3":{"name":"handleFetchGame","decl":{"start":{"line":31,"column":16},"end":{"line":31,"column":31}},"loc":{"start":{"line":31,"column":34},"end":{"line":41,"column":2}},"line":31}},"branchMap":{"0":{"loc":{"start":{"line":45,"column":4},"end":{"line":54,"column":4}},"type":"binary-expr","locations":[{"start":{"line":45,"column":4},"end":{"line":45,"column":8}},{"start":{"line":46,"column":4},"end":{"line":53,"column":7}}],"line":45},"1":{"loc":{"start":{"line":58,"column":4},"end":{"line":58,"column":46}},"type":"binary-expr","locations":[{"start":{"line":58,"column":4},"end":{"line":58,"column":19}},{"start":{"line":58,"column":23},"end":{"line":58,"column":46}}],"line":58}},"s":{"0":8,"1":8,"2":8,"3":4,"4":4,"5":1,"6":3,"7":4,"8":2,"9":2,"10":1,"11":1,"12":8,"13":1},"f":{"0":8,"1":4,"2":4,"3":2},"b":{"0":[8,2],"1":[8,3]},"_coverageSchema":"1a1c01bbd47fc00a2c39e90264f33305004495a9","hash":"b1c9071bae0fd1e4d3467ab76eb30b937a7f5fef"}
,"C:\\Users\\Dell\\OneDrive\\Área de Trabalho\\h_dev\\react-native\\SujeitoProgramador\\Avancado\\Testes-Automatizado\\src\\Message.tsx": {"path":"C:\\Users\\Dell\\OneDrive\\Área de Trabalho\\h_dev\\react-native\\SujeitoProgramador\\Avancado\\Testes-Automatizado\\src\\Message.tsx","statementMap":{"0":{"start":{"line":5,"column":39},"end":{"line":5,"column":54}},"1":{"start":{"line":8,"column":2},"end":{"line":10,"column":11}},"2":{"start":{"line":9,"column":3},"end":{"line":9,"column":32}},"3":{"start":{"line":13,"column":1},"end":{"line":21,"column":3}}},"fnMap":{"0":{"name":"Message","decl":{"start":{"line":4,"column":24},"end":{"line":4,"column":31}},"loc":{"start":{"line":4,"column":34},"end":{"line":22,"column":1}},"line":4},"1":{"name":"handleShowMessage","decl":{"start":{"line":7,"column":10},"end":{"line":7,"column":27}},"loc":{"start":{"line":7,"column":30},"end":{"line":11,"column":2}},"line":7},"2":{"name":"(anonymous_2)","decl":{"start":{"line":8,"column":13},"end":{"line":8,"column":14}},"loc":{"start":{"line":8,"column":19},"end":{"line":10,"column":3}},"line":8}},"branchMap":{"0":{"loc":{"start":{"line":16,"column":5},"end":{"line":16,"column":54}},"type":"cond-expr","locations":[{"start":{"line":16,"column":19},"end":{"line":16,"column":36}},{"start":{"line":16,"column":39},"end":{"line":16,"column":54}}],"line":16}},"s":{"0":3,"1":1,"2":1,"3":3},"f":{"0":3,"1":1,"2":1},"b":{"0":[1,2]},"_coverageSchema":"1a1c01bbd47fc00a2c39e90264f33305004495a9","hash":"deab85b03915333e32bf300df89c53c4a9f93d70"}
,"C:\\Users\\Dell\\OneDrive\\Área de Trabalho\\h_dev\\react-native\\SujeitoProgramador\\Avancado\\Testes-Automatizado\\src\\Title.tsx": {"path":"C:\\Users\\Dell\\OneDrive\\Área de Trabalho\\h_dev\\react-native\\SujeitoProgramador\\Avancado\\Testes-Automatizado\\src\\Title.tsx","statementMap":{"0":{"start":{"line":4,"column":1},"end":{"line":4,"column":49}},"1":{"start":{"line":7,"column":15},"end":{"line":13,"column":2}}},"fnMap":{"0":{"name":"Title","decl":{"start":{"line":3,"column":24},"end":{"line":3,"column":29}},"loc":{"start":{"line":3,"column":60},"end":{"line":5,"column":1}},"line":3}},"branchMap":{},"s":{"0":9,"1":2},"f":{"0":9},"b":{},"_coverageSchema":"1a1c01bbd47fc00a2c39e90264f33305004495a9","hash":"b8baa7c2c97feb5f7c94aca3cf5bc54e067413ae"}
,"C:\\Users\\Dell\\OneDrive\\Área de Trabalho\\h_dev\\react-native\\SujeitoProgramador\\Avancado\\Testes-Automatizado\\src\\Welcome.tsx": {"path":"C:\\Users\\Dell\\OneDrive\\Área de Trabalho\\h_dev\\react-native\\SujeitoProgramador\\Avancado\\Testes-Automatizado\\src\\Welcome.tsx","statementMap":{"0":{"start":{"line":9,"column":27},"end":{"line":9,"column":39}},"1":{"start":{"line":10,"column":25},"end":{"line":10,"column":37}},"2":{"start":{"line":13,"column":2},"end":{"line":16,"column":3}},"3":{"start":{"line":14,"column":3},"end":{"line":14,"column":15}},"4":{"start":{"line":15,"column":3},"end":{"line":15,"column":10}},"5":{"start":{"line":18,"column":16},"end":{"line":18,"column":36}},"6":{"start":{"line":19,"column":2},"end":{"line":19,"column":19}},"7":{"start":{"line":20,"column":2},"end":{"line":20,"column":18}},"8":{"start":{"line":23,"column":1},"end":{"line":36,"column":3}},"9":{"start":{"line":39,"column":15},"end":{"line":49,"column":2}}},"fnMap":{"0":{"name":"Welcome","decl":{"start":{"line":4,"column":24},"end":{"line":4,"column":31}},"loc":{"start":{"line":8,"column":3},"end":{"line":37,"column":1}},"line":8},"1":{"name":"handleShowUser","decl":{"start":{"line":12,"column":10},"end":{"line":12,"column":24}},"loc":{"start":{"line":12,"column":27},"end":{"line":21,"column":2}},"line":12}},"branchMap":{"0":{"loc":{"start":{"line":13,"column":2},"end":{"line":16,"column":3}},"type":"if","locations":[{"start":{"line":13,"column":2},"end":{"line":16,"column":3}},{"start":{},"end":{}}],"line":13},"1":{"loc":{"start":{"line":34,"column":4},"end":{"line":34,"column":38}},"type":"binary-expr","locations":[{"start":{"line":34,"column":4},"end":{"line":34,"column":15}},{"start":{"line":34,"column":19},"end":{"line":34,"column":38}}],"line":34}},"s":{"0":13,"1":13,"2":3,"3":1,"4":1,"5":2,"6":2,"7":2,"8":13,"9":2},"f":{"0":13,"1":3},"b":{"0":[1,2],"1":[13,2]},"_coverageSchema":"1a1c01bbd47fc00a2c39e90264f33305004495a9","hash":"779b37413d29d05bc91fe7897f0f496270a916fd"}
,"C:\\Users\\Dell\\OneDrive\\Área de Trabalho\\h_dev\\react-native\\SujeitoProgramador\\Avancado\\Testes-Automatizado\\src\\services\\api.ts": {"path":"C:\\Users\\Dell\\OneDrive\\Área de Trabalho\\h_dev\\react-native\\SujeitoProgramador\\Avancado\\Testes-Automatizado\\src\\services\\api.ts","statementMap":{"0":{"start":{"line":3,"column":12},"end":{"line":5,"column":2}}},"fnMap":{},"branchMap":{},"s":{"0":1},"f":{},"b":{},"_coverageSchema":"1a1c01bbd47fc00a2c39e90264f33305004495a9","hash":"7c2c399946294cba1d5336fb7e5086e90c68be50"}
}
